class java.util.DateTue Jun 14 21:55:06 CEST 2016Tue Jun 14 21:55:13 CEST 2016Tue Jun 14 21:57:05 CEST 2016
Tue Jun 14 21:57:09 CEST 2016
Tue Jun 14 21:57:10 CEST 2016
Tue Jun 14 21:57:19 CEST 2016
Tue Jun 14 21:59:26 CEST 2016
Tue Jun 14 22:01:38 CEST 2016
Tue Jun 14 22:01:41 CEST 2016
Tue Jun 14 22:01:45 CEST 2016
Tue Jun 14 22:01:49 CEST 2016
Tue Jun 14 22:01:52 CEST 2016
Tue Jun 14 22:01:56 CEST 2016
Tue Jun 14 22:01:59 CEST 2016
Tue Jun 14 22:02:03 CEST 2016
Tue Jun 14 22:02:06 CEST 2016
Tue Jun 14 22:02:10 CEST 2016
Tue Jun 14 22:02:13 CEST 2016
Tue Jun 14 22:02:16 CEST 2016
Tue Jun 14 22:02:19 CEST 2016
Tue Jun 14 22:02:23 CEST 2016
Tue Jun 14 22:02:25 CEST 2016
Tue Jun 14 22:02:29 CEST 2016
Tue Jun 14 22:02:33 CEST 2016
Tue Jun 14 22:02:36 CEST 2016
Tue Jun 14 22:02:40 CEST 2016
Tue Jun 14 22:02:44 CEST 2016
Tue Jun 14 22:38:38 CEST 2016
Tue Jun 14 22:38:42 CEST 2016
Tue Jun 14 22:38:45 CEST 2016
Tue Jun 14 22:38:45 CEST 2016
Tue Jun 14 22:38:46 CEST 2016
Tue Jun 14 22:38:47 CEST 2016
Tue Jun 14 22:38:48 CEST 2016
Tue Jun 14 22:38:50 CEST 2016
Tue Jun 14 22:38:52 CEST 2016
Tue Jun 14 22:38:53 CEST 2016
Tue Jun 14 22:38:54 CEST 2016
Tue Jun 14 22:38:56 CEST 2016
Tue Jun 14 22:38:58 CEST 2016
Tue Jun 14 22:39:00 CEST 2016
Tue Jun 14 22:39:01 CEST 2016
Tue Jun 14 22:39:03 CEST 2016
Tue Jun 14 22:39:04 CEST 2016
Tue Jun 14 22:39:05 CEST 2016
Tue Jun 14 22:39:06 CEST 2016
Tue Jun 14 22:39:08 CEST 2016
Tue Jun 14 22:39:09 CEST 2016
Tue Jun 14 22:39:11 CEST 2016
Tue Jun 14 22:39:13 CEST 2016
Tue Jun 14 22:39:14 CEST 2016
Tue Jun 14 22:39:16 CEST 2016
Tue Jun 14 22:39:17 CEST 2016
Tue Jun 14 22:39:19 CEST 2016
Tue Jun 14 22:39:21 CEST 2016
Tue Jun 14 22:39:22 CEST 2016
Tue Jun 14 22:39:25 CEST 2016
Tue Jun 14 22:39:27 CEST 2016
Tue Jun 14 22:39:29 CEST 2016
Tue Jun 14 22:39:31 CEST 2016
Tue Jun 14 22:39:33 CEST 2016
Tue Jun 14 22:39:35 CEST 2016
Tue Jun 14 22:39:39 CEST 2016
Tue Jun 14 23:57:38 CEST 2016
Tue Jun 14 23:58:14 CEST 2016
Thu Jun 16 16:35:21 CEST 2016
Thu Jun 16 16:35:22 CEST 2016
Thu Jun 16 16:36:01 CEST 2016
Thu Jun 16 16:36:01 CEST 2016
Thu Jun 16 19:20:08 CEST 2016
Thu Jun 16 19:20:39 CEST 2016
Thu Jun 16 19:24:08 CEST 2016
Thu Jun 16 19:24:55 CEST 2016
Thu Jun 16 19:26:03 CEST 2016
Thu Jun 16 19:27:10 CEST 2016
Thu Jun 16 19:27:26 CEST 2016
Thu Jun 16 19:28:31 CEST 2016
Thu Jun 16 19:30:51 CEST 2016
Thu Jun 16 19:37:03 CEST 2016
Thu Jun 16 19:37:25 CEST 2016
Thu Jun 16 19:37:35 CEST 2016
Thu Jun 16 19:37:48 CEST 2016
Thu Jun 16 19:44:09 CEST 2016
Thu Jun 16 19:46:44 CEST 2016
Thu Jun 16 19:56:26 CEST 2016
Thu Jun 16 19:56:28 CEST 2016
Thu Jun 16 20:13:45 CEST 2016
Thu Jun 16 20:13:46 CEST 2016
Thu Jun 16 20:13:53 CEST 2016
Thu Jun 16 20:13:55 CEST 2016
Thu Jun 16 20:24:22 CEST 2016
Thu Jun 16 20:24:23 CEST 2016
Thu Jun 16 21:58:21 CEST 2016
Thu Jun 16 22:02:02 CEST 2016
Thu Jun 16 22:07:19 CEST 2016
Thu Jun 16 22:09:54 CEST 2016
Thu Jun 16 22:10:07 CEST 2016
Thu Jun 16 22:20:28 CEST 2016
Thu Jun 16 22:22:47 CEST 2016
Thu Jun 16 22:23:09 CEST 2016
Thu Jun 16 22:24:25 CEST 2016
Thu Jun 16 22:25:07 CEST 2016
Thu Jun 16 22:25:57 CEST 2016
Thu Jun 16 22:27:54 CEST 2016
Fri Jun 17 10:26:32 CEST 2016
Fri Jun 17 10:26:58 CEST 2016
Fri Jun 17 10:28:29 CEST 2016
Sat Jun 18 13:22:45 CEST 2016
Sat Jun 18 15:13:24 CEST 2016
Sat Jun 18 15:13:49 CEST 2016
Sat Jun 18 15:16:09 CEST 2016
Sat Jun 18 15:17:20 CEST 2016
Sat Jun 18 15:57:47 CEST 2016
Sat Jun 18 15:58:37 CEST 2016
Sat Jun 18 15:59:39 CEST 2016
Sat Jun 18 17:07:41 CEST 2016
Sat Jun 18 17:08:35 CEST 2016
Sat Jun 18 17:10:25 CEST 2016
Sat Jun 18 17:12:38 CEST 2016
Sat Jun 18 17:22:02 CEST 2016
Sat Jun 18 17:27:06 CEST 2016
Sat Jun 18 17:27:37 CEST 2016
Sat Jun 18 17:40:13 CEST 2016
Sat Jun 18 17:44:04 CEST 2016
Sat Jun 18 17:47:09 CEST 2016
Sat Jun 18 17:48:06 CEST 2016
Sat Jun 18 19:26:42 CEST 2016
Sat Jun 18 19:31:05 CEST 2016
Sat Jun 18 19:32:31 CEST 2016
Sat Jun 18 19:33:50 CEST 2016
Sat Jun 18 19:34:59 CEST 2016
Sat Jun 18 19:38:33 CEST 2016
Sat Jun 18 19:43:38 CEST 2016
Sat Jun 18 19:45:33 CEST 2016
Sat Jun 18 19:58:04 CEST 2016
Sat Jun 18 20:01:04 CEST 2016
Sat Jun 18 20:01:22 CEST 2016
Sat Jun 18 20:02:05 CEST 2016
Sat Jun 18 20:03:20 CEST 2016
Sat Jun 18 20:06:25 CEST 2016
Sat Jun 18 20:07:09 CEST 2016
Sat Jun 18 21:13:40 CEST 2016
Sat Jun 18 22:55:05 CEST 2016
Sun Jun 19 14:23:11 CEST 2016
Sun Jun 19 14:23:14 CEST 2016
Sun Jun 19 14:23:16 CEST 2016
Sun Jun 19 14:23:18 CEST 2016
Sun Jun 19 14:23:21 CEST 2016
Sun Jun 19 14:23:24 CEST 2016
Sun Jun 19 14:23:27 CEST 2016
Sun Jun 19 14:23:29 CEST 2016
Sun Jun 19 14:23:31 CEST 2016
Sun Jun 19 14:23:34 CEST 2016
Sun Jun 19 14:23:36 CEST 2016
Sun Jun 19 14:23:38 CEST 2016
Sun Jun 19 14:23:41 CEST 2016
Sun Jun 19 14:23:43 CEST 2016
Sun Jun 19 14:23:45 CEST 2016
Sun Jun 19 14:23:47 CEST 2016
Sun Jun 19 14:23:49 CEST 2016
Sun Jun 19 14:23:52 CEST 2016
Sun Jun 19 14:23:54 CEST 2016
Sun Jun 19 14:23:56 CEST 2016
Sun Jun 19 14:23:59 CEST 2016
Sun Jun 19 14:24:01 CEST 2016
Sun Jun 19 14:24:03 CEST 2016
Sun Jun 19 14:24:06 CEST 2016
Thu Jun 23 12:09:35 CEST 2016
Thu Jun 23 12:32:32 CEST 2016
Thu Jun 23 12:32:35 CEST 2016
Thu Jun 23 12:32:38 CEST 2016
Thu Jun 23 12:32:42 CEST 2016
Thu Jun 23 12:59:31 CEST 2016
Thu Jun 23 13:03:31 CEST 2016
Thu Jun 23 13:26:32 CEST 2016
Thu Jun 23 13:32:31 CEST 2016
Thu Jun 23 13:33:31 CEST 2016
Thu Jun 23 13:33:35 CEST 2016
Thu Jun 23 13:33:38 CEST 2016
Thu Jun 23 13:53:31 CEST 2016
Thu Jun 23 14:04:31 CEST 2016
Thu Jun 23 14:20:32 CEST 2016
Thu Jun 23 14:34:22 CEST 2016
Thu Jun 23 14:34:25 CEST 2016
Thu Jun 23 14:34:28 CEST 2016
Thu Jun 23 14:35:23 CEST 2016
Thu Jun 23 14:47:58 CEST 2016
Thu Jun 23 15:21:00 CEST 2016
Thu Jun 23 15:21:03 CEST 2016
Thu Jun 23 15:35:00 CEST 2016
Thu Jun 23 15:35:03 CEST 2016
Thu Jun 23 15:35:06 CEST 2016
Thu Jun 23 15:47:59 CEST 2016
Thu Jun 23 15:52:00 CEST 2016
